-------------------------------------------------------------------------------
Test set: com.example.demo.RestServiceProviderApplicationTests
-------------------------------------------------------------------------------
Tests run: 1, Failures: 0, Errors: 1, Skipped: 0, Time elapsed: 3.645 s <<< FAILURE! - in com.example.demo.RestServiceProviderApplicationTests
contextLoads  Time elapsed: 0.029 s  <<< ERROR!
java.lang.IllegalStateException: Failed to load ApplicationContext
Caused by: org.springframework.beans.factory.BeanCreationException: 
Error creating bean with name 'requestMappingHandlerMapping' defined in class path resource [org/springframework/boot/autoconfigure/web/servlet/WebMvcAutoConfiguration$EnableWebMvcConfiguration.class]: Invocation of init method failed; nested exception is java.lang.IllegalStateException: Ambiguous mapping. Cannot map 'productrestController' method 
com.example.demo.controller.ProductrestController#getAllProducts()
to {GET /products}: There is already 'productrestController' bean method
com.example.demo.controller.ProductrestController#getProductById(int) mapped.
Caused by: java.lang.IllegalStateException: 
Ambiguous mapping. Cannot map 'productrestController' method 
com.example.demo.controller.ProductrestController#getAllProducts()
to {GET /products}: There is already 'productrestController' bean method
com.example.demo.controller.ProductrestController#getProductById(int) mapped.

